{
  "0 debug pnpm:scope": {
    "selected": 1
  },
  "1 debug pnpm:update-check": {
    "currentVersion": "6.11.0",
    "latestVersion": "7.14.2"
  },
  "2 error pnpm": {
    "errno": 1,
    "code": "ELIFECYCLE",
    "pkgid": "portfolio-nicolas-bouffanais@1.0.0",
    "stage": "deploy",
    "script": "gh-pages -d .",
    "pkgname": "portfolio-nicolas-bouffanais",
    "err": {
      "name": "Error",
      "message": "portfolio-nicolas-bouffanais@1.0.0 deploy: `gh-pages -d .`\nExit status 1",
      "code": "ELIFECYCLE",
      "stack": "Error: portfolio-nicolas-bouffanais@1.0.0 deploy: `gh-pages -d .`\nExit status 1\n    at EventEmitter.<anonymous> (C:\\Users\\Nico\\.node\\corepack\\pnpm\\6.11.0\\dist\\pnpm.cjs:104774:20)\n    at EventEmitter.emit (node:events:526:28)\n    at ChildProcess.<anonymous> (C:\\Users\\Nico\\.node\\corepack\\pnpm\\6.11.0\\dist\\pnpm.cjs:93080:18)\n    at ChildProcess.emit (node:events:526:28)\n    at maybeClose (node:internal/child_process:1092:16)\n    at Process.ChildProcess._handle.onexit (node:internal/child_process:302:5)"
    }
  }
}